d:\c++\cpp_tutorials\win32\win32\win32\x64\debug\vc143.pdb
d:\c++\cpp_tutorials\win32\win32\win32\x64\debug\vc143.idb
d:\c++\cpp_tutorials\win32\win32\win32\x64\debug\win32.obj
d:\c++\cpp_tutorials\win32\win32\x64\debug\win32.pdb
d:\c++\cpp_tutorials\win32\win32\win32\x64\debug\win32.tlog\cl.command.1.tlog
d:\c++\cpp_tutorials\win32\win32\win32\x64\debug\win32.tlog\cl.read.1.tlog
d:\c++\cpp_tutorials\win32\win32\win32\x64\debug\win32.tlog\cl.write.1.tlog
d:\c++\cpp_tutorials\win32\win32\win32\x64\debug\win32.tlog\link-cvtres.read.1.tlog
d:\c++\cpp_tutorials\win32\win32\win32\x64\debug\win32.tlog\link-cvtres.write.1.tlog
d:\c++\cpp_tutorials\win32\win32\win32\x64\debug\win32.tlog\link-rc.read.1.tlog
d:\c++\cpp_tutorials\win32\win32\win32\x64\debug\win32.tlog\link-rc.write.1.tlog
d:\c++\cpp_tutorials\win32\win32\win32\x64\debug\win32.tlog\link.20100-cvtres.read.1.tlog
d:\c++\cpp_tutorials\win32\win32\win32\x64\debug\win32.tlog\link.20100-cvtres.write.1.tlog
d:\c++\cpp_tutorials\win32\win32\win32\x64\debug\win32.tlog\link.20100-rc.read.1.tlog
d:\c++\cpp_tutorials\win32\win32\win32\x64\debug\win32.tlog\link.20100-rc.write.1.tlog
d:\c++\cpp_tutorials\win32\win32\win32\x64\debug\win32.tlog\link.20100.read.1.tlog
d:\c++\cpp_tutorials\win32\win32\win32\x64\debug\win32.tlog\link.20100.read.2.tlog
d:\c++\cpp_tutorials\win32\win32\win32\x64\debug\win32.tlog\link.20100.write.1.tlog
d:\c++\cpp_tutorials\win32\win32\win32\x64\debug\win32.tlog\link.command.1.tlog
d:\c++\cpp_tutorials\win32\win32\win32\x64\debug\win32.tlog\link.read.1.tlog
d:\c++\cpp_tutorials\win32\win32\win32\x64\debug\win32.tlog\link.read.2.tlog
d:\c++\cpp_tutorials\win32\win32\win32\x64\debug\win32.tlog\link.write.1.tlog
